[0;34m[1Panel Log]: ======================= å¼€å§‹å®‰è£… ======================= [0m
[0;34m[1Panel Log]: æ‚¨é€‰æ‹©çš„å®‰è£…è·¯å¾„æ˜¯ /opt [0m
[0;34m[1Panel Log]: å·²æ·»åŠ è…¾è®¯äº‘å†…ç½‘é•œåƒåŠ é€Ÿé…ç½®ã€‚ [0m
[0;34m[1Panel Log]: é…ç½®æ–‡ä»¶å·²å­˜åœ¨ï¼Œæˆ‘ä»¬å°†å¤‡ä»½ç°æœ‰çš„é…ç½®æ–‡ä»¶åˆ°:  /etc/docker/daemon.json.1panel_bak. [0m
[0;34m[1Panel Log]: åˆ›å»ºæ–°é…ç½®æ–‡ä»¶ /etc/docker/daemon.json... [0m
[0;34m[1Panel Log]: å·²æ·»åŠ é•œåƒåŠ é€Ÿé…ç½®ã€‚ [0m
[0;34m[1Panel Log]: æ­£åœ¨é‡å¯ Docker æœåŠ¡... [0m
[0;32m[1Panel Log]: Docker æœåŠ¡å·²æˆåŠŸé‡å¯ã€‚ [0m
[0;34m[1Panel Log]: æ‚¨è®¾ç½®çš„ç«¯å£æ˜¯:  8090 [0m
[0;34m[1Panel Log]: æ‚¨è®¾ç½®çš„é¢æ¿å®‰å…¨å…¥å£æ˜¯ asd [0m
[0;34m[1Panel Log]: æ‚¨è®¾ç½®çš„é¢æ¿ç”¨æˆ·æ˜¯ admin [0m
[0;34m[1Panel Log]: è®¾ç½® 1Panel é¢æ¿å¯†ç ï¼Œè®¾ç½®åæŒ‰å›è½¦é”®ç»§ç»­ (é»˜è®¤æ˜¯ fd3fdf56ec):  [0m
[0;34m[1Panel Log]: æ­£åœ¨é…ç½® 1Panel æœåŠ¡ [0m
System has not been booted with systemd as init system (PID 1). Can't operate.
Failed to connect to bus: Host is down
[0;34m[1Panel Log]: æ­£åœ¨å¯åŠ¨ 1Panel æœåŠ¡ [0m
[0;34m[1Panel Log]: ======================= å¼€å§‹å®‰è£… ======================= [0m
[0;34m[1Panel Log]: æ‚¨é€‰æ‹©çš„å®‰è£…è·¯å¾„æ˜¯ /opt [0m
[0;34m[1Panel Log]: å·²æ·»åŠ è…¾è®¯äº‘å†…ç½‘é•œåƒåŠ é€Ÿé…ç½®ã€‚ [0m
[0;34m[1Panel Log]: é…ç½®æ–‡ä»¶å·²å­˜åœ¨ï¼Œæˆ‘ä»¬å°†å¤‡ä»½ç°æœ‰çš„é…ç½®æ–‡ä»¶åˆ°:  /etc/docker/daemon.json.1panel_bak. [0m
[0;34m[1Panel Log]: åˆ›å»ºæ–°é…ç½®æ–‡ä»¶ /etc/docker/daemon.json... [0m
[0;34m[1Panel Log]: å·²æ·»åŠ é•œåƒåŠ é€Ÿé…ç½®ã€‚ [0m
[0;34m[1Panel Log]: æ­£åœ¨é‡å¯ Docker æœåŠ¡... [0m
[0;32m[1Panel Log]: Docker æœåŠ¡å·²æˆåŠŸé‡å¯ã€‚ [0m
[0;34m[1Panel Log]: æ‚¨è®¾ç½®çš„ç«¯å£æ˜¯:  8090 [0m
[0;34m[1Panel Log]: æ‚¨è®¾ç½®çš„é¢æ¿å®‰å…¨å…¥å£æ˜¯ asd [0m
[0;34m[1Panel Log]: æ‚¨è®¾ç½®çš„é¢æ¿ç”¨æˆ·æ˜¯ admin [0m
[0;34m[1Panel Log]: è®¾ç½® 1Panel é¢æ¿å¯†ç ï¼Œè®¾ç½®åæŒ‰å›è½¦é”®ç»§ç»­ (é»˜è®¤æ˜¯ fd6bc26f2a):  [0m
[0;34m[1Panel Log]: æ­£åœ¨é…ç½® 1Panel æœåŠ¡ [0m
System has not been booted with systemd as init system (PID 1). Can't operate.
Failed to connect to bus: Host is down
[0;34m[1Panel Log]: æ­£åœ¨å¯åŠ¨ 1Panel æœåŠ¡ [0m
[0;34m[1Panel Log]: ======================= å¼€å§‹å®‰è£… ======================= [0m
[0;34m[1Panel Log]: è¯·æä¾›ç›®å½•çš„å®Œæ•´è·¯å¾„ [0m
[0;34m[1Panel Log]: ======================= å¼€å§‹å®‰è£… ======================= [0m
[0;34m[1Panel Log]: æ‚¨é€‰æ‹©çš„å®‰è£…è·¯å¾„æ˜¯ /opt [0m
[0;34m[1Panel Log]: å·²æ·»åŠ è…¾è®¯äº‘å†…ç½‘é•œåƒåŠ é€Ÿé…ç½®ã€‚ [0m
[0;34m[1Panel Log]: é…ç½®æ–‡ä»¶å·²å­˜åœ¨ï¼Œæˆ‘ä»¬å°†å¤‡ä»½ç°æœ‰çš„é…ç½®æ–‡ä»¶åˆ°:  /etc/docker/daemon.json.1panel_bak. [0m
[0;34m[1Panel Log]: åˆ›å»ºæ–°é…ç½®æ–‡ä»¶ /etc/docker/daemon.json... [0m
[0;34m[1Panel Log]: å·²æ·»åŠ é•œåƒåŠ é€Ÿé…ç½®ã€‚ [0m
[0;34m[1Panel Log]: æ­£åœ¨é‡å¯ Docker æœåŠ¡... [0m
[0;32m[1Panel Log]: Docker æœåŠ¡å·²æˆåŠŸé‡å¯ã€‚ [0m
[0;34m[1Panel Log]: æ‚¨è®¾ç½®çš„ç«¯å£æ˜¯:  8090 [0m
[0;34m[1Panel Log]: æ‚¨è®¾ç½®çš„é¢æ¿å®‰å…¨å…¥å£æ˜¯ asd [0m
[0;34m[1Panel Log]: æ‚¨è®¾ç½®çš„é¢æ¿ç”¨æˆ·æ˜¯ admin [0m
[0;34m[1Panel Log]: è®¾ç½® 1Panel é¢æ¿å¯†ç ï¼Œè®¾ç½®åæŒ‰å›è½¦é”®ç»§ç»­ (é»˜è®¤æ˜¯ 7326c2baa3):  [0m
[0;34m[1Panel Log]: æ­£åœ¨é…ç½® 1Panel æœåŠ¡ [0m
System has not been booted with systemd as init system (PID 1). Can't operate.
Failed to connect to bus: Host is down
[0;34m[1Panel Log]: æ­£åœ¨å¯åŠ¨ 1Panel æœåŠ¡ [0m
[0;34m[1Panel Log]: ======================= å¼€å§‹å®‰è£… ======================= [0m
[0;34m[1Panel Log]: æ‚¨é€‰æ‹©çš„å®‰è£…è·¯å¾„æ˜¯ /opt [0m
[0;34m[1Panel Log]: å·²æ·»åŠ è…¾è®¯äº‘å†…ç½‘é•œåƒåŠ é€Ÿé…ç½®ã€‚ [0m
[0;34m[1Panel Log]: é…ç½®æ–‡ä»¶å·²å­˜åœ¨ï¼Œæˆ‘ä»¬å°†å¤‡ä»½ç°æœ‰çš„é…ç½®æ–‡ä»¶åˆ°:  /etc/docker/daemon.json.1panel_bak. [0m
[0;34m[1Panel Log]: åˆ›å»ºæ–°é…ç½®æ–‡ä»¶ /etc/docker/daemon.json... [0m
[0;34m[1Panel Log]: å·²æ·»åŠ é•œåƒåŠ é€Ÿé…ç½®ã€‚ [0m
[0;34m[1Panel Log]: æ­£åœ¨é‡å¯ Docker æœåŠ¡... [0m
[0;32m[1Panel Log]: Docker æœåŠ¡å·²æˆåŠŸé‡å¯ã€‚ [0m
[0;34m[1Panel Log]: æ‚¨è®¾ç½®çš„ç«¯å£æ˜¯:  8090 [0m
[0;34m[1Panel Log]: æ‚¨è®¾ç½®çš„é¢æ¿å®‰å…¨å…¥å£æ˜¯ asdf [0m
[0;34m[1Panel Log]: æ‚¨è®¾ç½®çš„é¢æ¿ç”¨æˆ·æ˜¯ admin [0m
[0;34m[1Panel Log]: è®¾ç½® 1Panel é¢æ¿å¯†ç ï¼Œè®¾ç½®åæŒ‰å›è½¦é”®ç»§ç»­ (é»˜è®¤æ˜¯ 1e5217b56d):  [0m
[0;34m[1Panel Log]: æ­£åœ¨é…ç½® 1Panel æœåŠ¡ [0m
System has not been booted with systemd as init system (PID 1). Can't operate.
Failed to connect to bus: Host is down
[0;34m[1Panel Log]: æ­£åœ¨å¯åŠ¨ 1Panel æœåŠ¡ [0m
